success open and validate gatsby-configs - 0.015s
success load plugins - 0.385s
success onPreInit - 0.065s
success initialize cache - 0.020s
success copy gatsby files - 0.095s
success onPreBootstrap - 0.030s
success createSchemaCustomization - 0.005s
success Checking for changed pages - 0.009s
success source and transform nodes - 16.493s
success building schema - 0.899s

 ERROR

node.getNode is not a function


[0m
[0m  [0m[97m[41mTypeError[0m[37m[41m:[0m[37m[41m [0m[97m[41mnode.getNode is not a function[0m
[0m  [0m
[0m  [0m[90m-[0m [0m[93mgatsby-node.js[0m[90m:[0m[93m40[0m[37m [0m
[0m  [0m  [0m[90m/Users/brentbailey/Documents/freelance/generative_unfoldings/website/gatsby-[0m  [0m  [0m[90mnode.js:40:31[0m
[0m  [0m
[0m  [0m[90m-[0m [0m[37mArray.forEach[0m
[0m  [0m
[0m  [0m[90m-[0m [0m[93mgatsby-node.js[0m[90m:[0m[93m39[0m[37m [0m[37mObject.exports.createPages[0m
[0m  [0m  [0m[90m/Users/brentbailey/Documents/freelance/generative_unfoldings/website/gatsby-[0m  [0m  [0m[90mnode.js:39:29[0m
[0m  [0m
[0m  [0m[90m-[0m [0m[37mrunMicrotasks[0m
[0m  [0m
[0m  [0m[90m-[0m [0m[93mtask_queues.js[0m[90m:[0m[93m93[0m[37m [0m[37mprocessTicksAndRejections[0m
[0m  [0m  [0m[90minternal/process/task_queues.js:93:5[0m
[0m  [0m
[0m  [0m[90m-[0m [0m[93mapi-runner-node.js[0m[90m:[0m[93m460[0m[37m [0m[37mrunAPI[0m
[0m  [0m  [0m[90m[website]/[gatsby]/src/utils/api-runner-node.js:460:16[0m
[0m  [0m
[0m
not finished createPages - 0.110s
